<?xml version="1.0" encoding="UTF-8"?>
<testng-results skipped="0" failed="0" ignored="0" total="1" passed="1">
  <reporter-output>
  </reporter-output>
  <suite name="Test Suit" duration-ms="25" started-at="2020-08-15T06:38:26Z" finished-at="2020-08-15T06:38:26Z">
    <groups>
    </groups>
    <test name="Test Shopping Cart" duration-ms="25" started-at="2020-08-15T06:38:26Z" finished-at="2020-08-15T06:38:26Z">
      <class name="TestCases.SampleTestCases">
        <test-method status="PASS" signature="test()[pri:0, instance:TestCases.SampleTestCases@5c7fa833]" name="test" duration-ms="7" started-at="2020-08-15T06:38:26Z" finished-at="2020-08-15T06:38:26Z">
          <reporter-output>
          </reporter-output>
        </test-method> <!-- test -->
      </class> <!-- TestCases.SampleTestCases -->
    </test> <!-- Test Shopping Cart -->
  </suite> <!-- Test Suit -->
</testng-results>
